2018-03-20 15:31:04 INFO  TestLog4j:12 - Test stated...
2018-03-20 15:31:04 INFO  TestLog4j:13 - Login
2018-03-20 15:31:04 INFO  TestLog4j:14 - username entered
2018-03-20 15:31:04 INFO  TestLog4j:15 - password entered
2018-03-20 15:31:04 INFO  TestLog4j:16 - clicked on submit button.....
2018-03-20 15:31:32 INFO  TestLog4j:12 - Test stated...
2018-03-20 15:31:32 INFO  TestLog4j:13 - Login
2018-03-20 15:31:32 INFO  TestLog4j:14 - username entered
2018-03-20 15:31:32 INFO  TestLog4j:15 - password entered
2018-03-20 15:31:32 INFO  TestLog4j:16 - clicked on submit button.....
2018-03-20 15:34:38 INFO  TestLog4j:12 - Test stated...
2018-03-20 15:34:38 INFO  TestLog4j:13 - Login
2018-03-20 15:34:38 INFO  TestLog4j:14 - username entered
2018-03-20 15:34:38 INFO  TestLog4j:15 - password entered
2018-03-20 15:34:38 INFO  TestLog4j:16 - clicked on submit button.....
2018-03-23 15:25:23 INFO  TestLog4j:12 - Test stated...
2018-03-23 15:25:23 INFO  TestLog4j:13 - Login
2018-03-23 15:25:23 INFO  TestLog4j:14 - username entered
2018-03-23 15:25:23 INFO  TestLog4j:15 - password entered
2018-03-23 15:25:23 INFO  TestLog4j:16 - clicked on submit button.....
2018-03-23 16:03:03 INFO  TestLog4j:12 - Test stated...
2018-03-23 16:03:03 INFO  TestLog4j:13 - Login
2018-03-23 16:03:03 INFO  TestLog4j:14 - username entered
2018-03-23 16:03:03 INFO  TestLog4j:15 - password entered
2018-03-23 16:03:03 INFO  TestLog4j:16 - clicked on submit button.....
2018-03-30 17:33:48 INFO  TestLog4j:12 - Test stated...
2018-03-30 17:33:48 INFO  TestLog4j:13 - Login
2018-03-30 17:33:48 INFO  TestLog4j:14 - username entered
2018-03-30 17:33:48 INFO  TestLog4j:15 - password entered
2018-03-30 17:33:48 INFO  TestLog4j:16 - clicked on submit button.....
2018-04-10 12:47:49 INFO  TestLog4j:12 - Test stated...
2018-04-10 12:47:49 INFO  TestLog4j:13 - Login
2018-04-10 12:47:49 INFO  TestLog4j:14 - username entered
2018-04-10 12:47:49 INFO  TestLog4j:15 - password entered
2018-04-10 12:47:49 INFO  TestLog4j:16 - clicked on submit button.....
2018-04-21 15:55:27 INFO  TestLog4j:12 - Test stated...
2018-04-21 15:55:27 INFO  TestLog4j:13 - Login
2018-04-21 15:55:27 INFO  TestLog4j:14 - username entered
2018-04-21 15:55:27 INFO  TestLog4j:15 - password entered
2018-04-21 15:55:27 INFO  TestLog4j:16 - clicked on submit button.....
